Tue May 31 21:23:55 2022: build-wrapper, version 6.33 (win-x86-64)
Tue May 31 21:23:55 2022: isWow64: 0
Tue May 31 21:23:55 2022: windows version: 6.2, service pack: 0.0, build number: 9200, product type: 1
Tue May 31 21:23:55 2022: current directory: C:\Users\rodri\OneDrive\Documentos\GitHub\sofware
Tue May 31 21:23:55 2022: cwd: <C:\Users\rodri\OneDrive\Documentos\GitHub\sofware>
Tue May 31 21:23:55 2022: out-dir absolute path: <C:\Users\rodri\OneDrive\Documentos\GitHub\sofware\bw-output>
Tue May 31 21:23:55 2022: command line received: <g++ main.cpp>
Tue May 31 21:23:56 2022: initializing json file
Tue May 31 21:23:56 2022: starting debug cycle
Tue May 31 21:23:56 2022: process created with pid: 17472
Tue May 31 21:23:56 2022: image path name: <C:\MinGW\bin\g++.exe>
Tue May 31 21:23:56 2022: command line: <g++ main.cpp>
Tue May 31 21:23:56 2022: working directory: <C:\Users\rodri\OneDrive\Documentos\GitHub\sofware\>
Tue May 31 21:23:56 2022: isWow64: 1
Tue May 31 21:23:56 2022: env0: <ALLUSERSPROFILE=C:\ProgramData>
Tue May 31 21:23:56 2022: env1: <APPDATA=C:\Users\rodri\AppData\Roaming>
Tue May 31 21:23:56 2022: env2: <CHROME_CRASHPAD_PIPE_NAME=\\.\pipe\crashpad_34140_ERPGNOPYMCBSQAYU>
Tue May 31 21:23:56 2022: env3: <CommonProgramFiles=C:\Program Files\Common Files>
Tue May 31 21:23:56 2022: env4: <CommonProgramFiles(x86)=C:\Program Files (x86)\Common Files>
Tue May 31 21:23:56 2022: env5: <CommonProgramW6432=C:\Program Files\Common Files>
Tue May 31 21:23:56 2022: env6: <COMPUTERNAME=DESKTOP-54O8MLI>
Tue May 31 21:23:56 2022: env7: <ComSpec=C:\WINDOWS\system32\cmd.exe>
Tue May 31 21:23:56 2022: env8: <CYGWIN=wincmdln>
Tue May 31 21:23:56 2022: env9: <DriverData=C:\Windows\System32\Drivers\DriverData>
Tue May 31 21:23:56 2022: env10: <HOMEDRIVE=C:>
Tue May 31 21:23:56 2022: env11: <HOMEPATH=\Users\rodri>
Tue May 31 21:23:56 2022: env12: <IntelliJ IDEA=C:\Program Files\JetBrains\IntelliJ IDEA 2021.3.3\bin;>
Tue May 31 21:23:56 2022: env13: <LOCALAPPDATA=C:\Users\rodri\AppData\Local>
Tue May 31 21:23:56 2022: env14: <LOGONSERVER=\\DESKTOP-54O8MLI>
Tue May 31 21:23:56 2022: env15: <NUMBER_OF_PROCESSORS=8>
Tue May 31 21:23:56 2022: env16: <OneDrive=C:\Users\rodri\OneDrive>
Tue May 31 21:23:56 2022: env17: <OneDriveConsumer=C:\Users\rodri\OneDrive>
Tue May 31 21:23:56 2022: env18: <ORIGINAL_XDG_CURRENT_DESKTOP=undefined>
Tue May 31 21:23:56 2022: env19: <OS=Windows_NT>
Tue May 31 21:23:56 2022: env20: <Path=C:\WINDOWS\system32;C:\WINDOWS;C:\WINDOWS\System32\Wbem;C:\WINDOWS\System32\WindowsPowerShell\v1.0\;C:\WINDOWS\System32\OpenSSH\;C:\Program Files (x86)\NVIDIA Corporation\PhysX\Common;C:\MinGW\bin;C:\Users\rodri\AppData\Local\Programs\Python\Python310\Scripts\;C:\Users\rodri\AppData\Local\Programs\Python\Python310\;C:\Users\rodri\AppData\Local\Microsoft\WindowsApps;C:\Users\rodri\AppData\Local\Programs\Microsoft VS Code\bin;C:\Users\rodri\AppData\Local\GitHubDesktop\bin;C:\iverilog\bin;C:\iverilog\gtkwave\bin;C:\Program Files\JetBrains\IntelliJ IDEA 2021.3.3\bin;;C:\Users\rodri\OneDrive\Escritorio\sonar-scanner-4.7.0.2747-windows\bin;C:\Users\rodri\OneDrive\Escritorio\build-wrapper-win-x86;>
Tue May 31 21:23:56 2022: env21: <PATHEXT=.COM;.EXE;.BAT;.CMD;.VBS;.VBE;.JS;.JSE;.WSF;.WSH;.MSC;.CPL>
Tue May 31 21:23:56 2022: env22: <PROCESSOR_ARCHITECTURE=AMD64>
Tue May 31 21:23:56 2022: env23: <PROCESSOR_IDENTIFIER=Intel64 Family 6 Model 158 Stepping 10, GenuineIntel>
Tue May 31 21:23:56 2022: env24: <PROCESSOR_LEVEL=6>
Tue May 31 21:23:56 2022: env25: <PROCESSOR_REVISION=9e0a>
Tue May 31 21:23:56 2022: env26: <ProgramData=C:\ProgramData>
Tue May 31 21:23:56 2022: env27: <ProgramFiles=C:\Program Files>
Tue May 31 21:23:56 2022: env28: <ProgramFiles(x86)=C:\Program Files (x86)>
Tue May 31 21:23:56 2022: env29: <ProgramW6432=C:\Program Files>
Tue May 31 21:23:56 2022: env30: <PSModulePath=C:\Users\rodri\OneDrive\Documentos\WindowsPowerShell\Modules;C:\Program Files\WindowsPowerShell\Modules;C:\WINDOWS\system32\WindowsPowerShell\v1.0\Modules>
Tue May 31 21:23:56 2022: env31: <PUBLIC=C:\Users\Public>
Tue May 31 21:23:56 2022: env32: <SESSIONNAME=Console>
Tue May 31 21:23:56 2022: env33: <SONAR_TOKEN=3f45e09e73aaa31e3bc43ff91dbe5fe23402382b>
Tue May 31 21:23:56 2022: env34: <SystemDrive=C:>
Tue May 31 21:23:56 2022: env35: <SystemRoot=C:\WINDOWS>
Tue May 31 21:23:56 2022: env36: <TEMP=C:\Users\rodri\AppData\Local\Temp>
Tue May 31 21:23:56 2022: env37: <TMP=C:\Users\rodri\AppData\Local\Temp>
Tue May 31 21:23:56 2022: env38: <USERDOMAIN=DESKTOP-54O8MLI>
Tue May 31 21:23:56 2022: env39: <USERDOMAIN_ROAMINGPROFILE=DESKTOP-54O8MLI>
Tue May 31 21:23:56 2022: env40: <USERNAME=rodri>
Tue May 31 21:23:56 2022: env41: <USERPROFILE=C:\Users\rodri>
Tue May 31 21:23:56 2022: env42: <windir=C:\WINDOWS>
Tue May 31 21:23:56 2022: env43: <ZES_ENABLE_SYSMAN=1>
Tue May 31 21:23:56 2022: env44: <TERM_PROGRAM=vscode>
Tue May 31 21:23:56 2022: env45: <TERM_PROGRAM_VERSION=1.67.2>
Tue May 31 21:23:56 2022: env46: <LANG=es_ES.UTF-8>
Tue May 31 21:23:56 2022: env47: <COLORTERM=truecolor>
Tue May 31 21:23:56 2022: env48: <VSCODE_GIT_IPC_HANDLE=\\.\pipe\vscode-git-e0e4027ba4-sock>
Tue May 31 21:23:56 2022: env49: <VSCODE_GIT_ASKPASS_NODE=C:\Users\rodri\AppData\Local\Programs\Microsoft VS Code\Code.exe>
Tue May 31 21:23:56 2022: env50: <VSCODE_GIT_ASKPASS_EXTRA_ARGS=--ms-enable-electron-run-as-node>
Tue May 31 21:23:56 2022: env51: <VSCODE_GIT_ASKPASS_MAIN=c:\Users\rodri\AppData\Local\Programs\Microsoft VS Code\resources\app\extensions\git\dist\askpass-main.js>
Tue May 31 21:23:56 2022: env52: <GIT_ASKPASS=c:\Users\rodri\AppData\Local\Programs\Microsoft VS Code\resources\app\extensions\git\dist\askpass.sh>
Tue May 31 21:23:56 2022: env53: <_NO_DEBUG_HEAP=1>
Tue May 31 21:23:56 2022: process created with pid: 22092
Tue May 31 21:23:56 2022: image path name: <c:\mingw\bin\..\libexec\gcc\mingw32\6.3.0\cc1plus.exe>
Tue May 31 21:23:56 2022: command line: <c:/mingw/bin/../libexec/gcc/mingw32/6.3.0/cc1plus.exe -quiet -iprefix c:\mingw\bin\../lib/gcc/mingw32/6.3.0/ main.cpp -quiet -dumpbase main.cpp -mtune=generic -march=i586 -auxbase main -o C:\Users\rodri\AppData\Local\Temp\cc48BKRa.s>
Tue May 31 21:23:56 2022: working directory: <C:\Users\rodri\OneDrive\Documentos\GitHub\sofware\>
Tue May 31 21:23:56 2022: isWow64: 1
Tue May 31 21:23:56 2022: skipping process c:\MinGW\bin\..\libexec\gcc\mingw32\6.3.0\cc1plus.exe with pid: 22092
Tue May 31 21:23:57 2022: process with pid 22092 exit with code: 0 (0x0)
Tue May 31 21:23:58 2022: process created with pid: 29900
Tue May 31 21:23:58 2022: image path name: <c:\mingw\bin\..\lib\gcc\mingw32\6.3.0\..\..\..\..\mingw32\bin\as.exe>
Tue May 31 21:23:58 2022: command line: <c:/mingw/bin/../lib/gcc/mingw32/6.3.0/../../../../mingw32/bin/as.exe -o C:\Users\rodri\AppData\Local\Temp\cczqQDC2.o C:\Users\rodri\AppData\Local\Temp\cc48BKRa.s>
Tue May 31 21:23:58 2022: working directory: <C:\Users\rodri\OneDrive\Documentos\GitHub\sofware\>
Tue May 31 21:23:58 2022: isWow64: 1
Tue May 31 21:23:58 2022: skipping process c:\MinGW\bin\..\lib\gcc\mingw32\6.3.0\..\..\..\..\mingw32\bin\as.exe with pid: 29900
Tue May 31 21:23:58 2022: process with pid 29900 exit with code: 0 (0x0)
Tue May 31 21:23:58 2022: process created with pid: 26528
Tue May 31 21:23:58 2022: image path name: <c:\mingw\bin\..\libexec\gcc\mingw32\6.3.0\collect2.exe>
Tue May 31 21:23:58 2022: command line: <c:/mingw/bin/../libexec/gcc/mingw32/6.3.0/collect2.exe -plugin c:/mingw/bin/../libexec/gcc/mingw32/6.3.0/liblto_plugin-0.dll -plugin-opt=c:/mingw/bin/../libexec/gcc/mingw32/6.3.0/lto-wrapper.exe -plugin-opt=-fresolution=C:\Users\rodri\AppData\Local\Temp\cc9v5Ccy.res -plugin-opt=-pass-through=-lmingw32 -plugin-opt=-pass-through=-lgcc_s -plugin-opt=-pass-through=-lgcc -plugin-opt=-pass-through=-lmoldname -plugin-opt=-pass-through=-lmingwex -plugin-opt=-pass-through=-lmsvcrt -plugin-opt=-pass-through=-ladvapi32 -plugin-opt=-pass-through=-lshell32 -plugin-opt=-pass-through=-luser32 -plugin-opt=-pass-through=-lkernel32 -plugin-opt=-pass-through=-lmingw32 -plugin-opt=-pass-through=-lgcc_s -plugin-opt=-pass-through=-lgcc -plugin-opt=-pass-through=-lmoldname -plugin-opt=-pass-through=-lmingwex -plugin-opt=-pass-through=-lmsvcrt -Bdynamic -u ___register_frame_info -u ___deregister_frame_info c:/mingw/bin/../lib/gcc/mingw32/6.3.0/../../../crt2.o c:/mingw/bin/../lib/gcc/mingw32/6.3.0/crtbegin.o -Lc:/mingw/bin/../lib/gcc/mingw32/6.3.0 -Lc:/mingw/bin/../lib/gcc -Lc:/mingw/bin/../lib/gcc/mingw32/6.3.0/../../../../mingw32/lib -Lc:/mingw/bin/../lib/gcc/mingw32/6.3.0/../../.. C:\Users\rodri\AppData\Local\Temp\cczqQDC2.o -lstdc++ -lmingw32 -lgcc_s -lgcc -lmoldname -lmingwex -lmsvcrt -ladvapi32 -lshell32 -luser32 -lkernel32 -lmingw32 -lgcc_s -lgcc -lmoldname -lmingwex -lmsvcrt c:/mingw/bin/../lib/gcc/mingw32/6.3.0/crtend.o>
Tue May 31 21:23:58 2022: working directory: <C:\Users\rodri\OneDrive\Documentos\GitHub\sofware\>
Tue May 31 21:23:58 2022: isWow64: 1
Tue May 31 21:23:58 2022: skipping process c:\MinGW\bin\..\libexec\gcc\mingw32\6.3.0\collect2.exe with pid: 26528
Tue May 31 21:23:58 2022: process created with pid: 18704
Tue May 31 21:23:58 2022: image path name: <c:\mingw\bin\..\lib\gcc\mingw32\6.3.0\..\..\..\..\mingw32\bin\ld.exe>
Tue May 31 21:23:58 2022: command line: <c:/mingw/bin/../lib/gcc/mingw32/6.3.0/../../../../mingw32/bin/ld.exe -plugin c:/mingw/bin/../libexec/gcc/mingw32/6.3.0/liblto_plugin-0.dll -plugin-opt=c:/mingw/bin/../libexec/gcc/mingw32/6.3.0/lto-wrapper.exe -plugin-opt=-fresolution=C:\Users\rodri\AppData\Local\Temp\cc9v5Ccy.res -plugin-opt=-pass-through=-lmingw32 -plugin-opt=-pass-through=-lgcc_s -plugin-opt=-pass-through=-lgcc -plugin-opt=-pass-through=-lmoldname -plugin-opt=-pass-through=-lmingwex -plugin-opt=-pass-through=-lmsvcrt -plugin-opt=-pass-through=-ladvapi32 -plugin-opt=-pass-through=-lshell32 -plugin-opt=-pass-through=-luser32 -plugin-opt=-pass-through=-lkernel32 -plugin-opt=-pass-through=-lmingw32 -plugin-opt=-pass-through=-lgcc_s -plugin-opt=-pass-through=-lgcc -plugin-opt=-pass-through=-lmoldname -plugin-opt=-pass-through=-lmingwex -plugin-opt=-pass-through=-lmsvcrt -Bdynamic -u ___register_frame_info -u ___deregister_frame_info c:/mingw/bin/../lib/gcc/mingw32/6.3.0/../../../crt2.o c:/mingw/bin/../lib/gcc/mingw32/6.3.0/crtbegin.o -Lc:/mingw/bin/../lib/gcc/mingw32/6.3.0 -Lc:/mingw/bin/../lib/gcc -Lc:/mingw/bin/../lib/gcc/mingw32/6.3.0/../../../../mingw32/lib -Lc:/mingw/bin/../lib/gcc/mingw32/6.3.0/../../.. C:\Users\rodri\AppData\Local\Temp\cczqQDC2.o -lstdc++ -lmingw32 -lgcc_s -lgcc -lmoldname -lmingwex -lmsvcrt -ladvapi32 -lshell32 -luser32 -lkernel32 -lmingw32 -lgcc_s -lgcc -lmoldname -lmingwex -lmsvcrt c:/mingw/bin/../lib/gcc/mingw32/6.3.0/crtend.o>
Tue May 31 21:23:58 2022: working directory: <C:\Users\rodri\OneDrive\Documentos\GitHub\sofware\>
Tue May 31 21:23:58 2022: isWow64: 1
Tue May 31 21:23:58 2022: skipping process c:\MinGW\bin\..\lib\gcc\mingw32\6.3.0\..\..\..\..\mingw32\bin\ld.exe with pid: 18704
Tue May 31 21:24:02 2022: process with pid 18704 exit with code: 0 (0x0)
Tue May 31 21:24:02 2022: process with pid 26528 exit with code: 0 (0x0)
Tue May 31 21:24:02 2022: process with pid 17472 exit with code: 0 (0x0)
Tue May 31 21:24:02 2022: finalizing json file
